04:47:26 D/DeviceMonitor: Opening adb connection
04:47:26 D/DeviceMonitor: Unable to open connection to ADB server: java.io.IOException: Can't find adb server on port 5037, IPv4 attempt: Connection refused: connect, IPv6 attempt: Connection refused: connect
> Task :app:preBuild UP-TO-DATE
> Task :app:preDebugBuild UP-TO-DATE
> Task :app:mergeDebugNativeDebugMetadata NO-SOURCE
> Task :app:checkKotlinGradlePluginConfigurationErrors SKIPPED
> Task :app:dataBindingMergeDependencyArtifactsDebug UP-TO-DATE
> Task :app:generateDebugResValues UP-TO-DATE
> Task :app:generateDebugResources UP-TO-DATE
> Task :app:mergeDebugResources UP-TO-DATE
> Task :app:packageDebugResources UP-TO-DATE
> Task :app:parseDebugLocalResources UP-TO-DATE
> Task :app:dataBindingGenBaseClassesDebug UP-TO-DATE
> Task :app:generateDebugBuildConfig UP-TO-DATE
> Task :app:generateSafeArgsDebug UP-TO-DATE
> Task :app:checkDebugAarMetadata UP-TO-DATE
> Task :app:mapDebugSourceSetPaths UP-TO-DATE
> Task :app:createDebugCompatibleScreenManifests UP-TO-DATE
> Task :app:extractDeepLinksDebug UP-TO-DATE
> Task :app:processDebugMainManifest UP-TO-DATE
> Task :app:processDebugManifest UP-TO-DATE
> Task :app:processDebugManifestForPackage UP-TO-DATE
> Task :app:processDebugResources UP-TO-DATE
> Task :app:kaptGenerateStubsDebugKotlin UP-TO-DATE
> Task :app:kaptDebugKotlin UP-TO-DATE
> Task :app:javaPreCompileDebug UP-TO-DATE
> Task :app:mergeDebugShaders UP-TO-DATE
> Task :app:compileDebugShaders NO-SOURCE
> Task :app:generateDebugAssets UP-TO-DATE
> Task :app:mergeDebugAssets UP-TO-DATE
> Task :app:compressDebugAssets UP-TO-DATE
> Task :app:checkDebugDuplicateClasses UP-TO-DATE
> Task :app:desugarDebugFileDependencies UP-TO-DATE
> Task :app:mergeDebugStartupProfile UP-TO-DATE
> Task :app:mergeExtDexDebug UP-TO-DATE
> Task :app:mergeLibDexDebug UP-TO-DATE
> Task :app:mergeDebugJniLibFolders UP-TO-DATE
> Task :app:mergeDebugNativeLibs UP-TO-DATE
> Task :app:stripDebugDebugSymbols UP-TO-DATE
> Task :app:validateSigningDebug UP-TO-DATE
> Task :app:writeDebugAppMetadata UP-TO-DATE
> Task :app:writeDebugSigningConfigVersions UP-TO-DATE
04:47:27 D/DeviceMonitor: Opening adb connection
04:47:27 D/DeviceMonitor: Unable to open connection to ADB server: java.io.IOException: Can't find adb server on port 5037, IPv4 attempt: Connection refused: connect, IPv6 attempt: Connection refused: connect
04:47:28 D/DeviceMonitor: Opening adb connection
04:47:28 D/DeviceMonitor: Unable to open connection to ADB server: java.io.IOException: Can't find adb server on port 5037, IPv4 attempt: Connection refused: connect, IPv6 attempt: Connection refused: connect

> Task :app:compileDebugKotlin FAILED
e: file:///C:/Users/mouse/AndroidStudioProjects/nezumiai/app/src/main/java/com/nezumi_ai/data/inference/LiteRtLmEngine.kt:411:16 'when' expression must be exhaustive. Add the 'GEMMA3N_2B', 'GEMMA3N_4B' branches or an 'else' branch.
e: file:///C:/Users/mouse/AndroidStudioProjects/nezumiai/app/src/main/java/com/nezumi_ai/data/inference/ModelDownloadWorker.kt:336:26 'when' expression must be exhaustive. Add the 'GEMMA3N_2B', 'GEMMA3N_4B' branches or an 'else' branch.
e: file:///C:/Users/mouse/AndroidStudioProjects/nezumiai/app/src/main/java/com/nezumi_ai/data/inference/ModelDownloadWorker.kt:379:26 'when' expression must be exhaustive. Add the 'GEMMA3N_2B', 'GEMMA3N_4B' branches or an 'else' branch.

FAILURE: Build failed with an exception.

* What went wrong:
Execution failed for task ':app:compileDebugKotlin'.
> A failure occurred while executing org.jetbrains.kotlin.compilerRunner.GradleCompilerRunnerWithWorkers$GradleKotlinCompilerWorkAction
   > Compilation error. See log for more details

* Try:
> Run with --stacktrace option to get the stack trace.
> Run with --info or --debug option to get more log output.
> Run with --scan to get full insights.
> Get more help at https://help.gradle.org.

BUILD FAILED in 4s
35 actionable tasks: 1 executed, 34 up-to-date
